Using pre-set license
Built from '2020.3/staging' branch; Version is '2020.3.11f1 (99c7afb366b3) revision 10078127'; Using compiler version '192528614'; Build Type 'Release'
OS: 'Windows 10 Home Single Language; OS build 19043.1165; Version 2009; 64bit' Language: 'tr' Physical Memory: 8090 MB
BatchMode: 1, IsHumanControllingUs: 0, StartBugReporterOnCrash: 0, Is64bit: 1, IsPro: 0

 COMMAND LINE ARGUMENTS:
C:\Program Files\Unity\Hub\Editor\2020.3.11f1\Editor\Unity.exe
-adb2
-batchMode
-noUpm
-name
AssetImportWorker0
-projectPath
C:/Users/AdemKagan/pFire
-logFile
Logs/AssetImportWorker0.log
-srvPort
50596
Successfully changed project path to: C:/Users/AdemKagan/pFire
C:/Users/AdemKagan/pFire
Using Asset Import Pipeline V2.
Refreshing native plugins compatible for Editor in 64.14 ms, found 3 plugins.
Preloading 0 native plugins for Editor in 0.00 ms.
Initialize engine version: 2020.3.11f1 (99c7afb366b3)
[Subsystems] Discovering subsystems at path C:/Program Files/Unity/Hub/Editor/2020.3.11f1/Editor/Data/Resources/UnitySubsystems
[Subsystems] Discovering subsystems at path C:/Users/AdemKagan/pFire/Assets
GfxDevice: creating device client; threaded=0
Direct3D:
    Version:  Direct3D 11.0 [level 11.0]
    Renderer: NVIDIA GeForce 940M (ID=0x1347)
    Vendor:   
    VRAM:     2010 MB
    Driver:   27.21.14.6627
Initialize mono
Mono path[0] = 'C:/Program Files/Unity/Hub/Editor/2020.3.11f1/Editor/Data/Managed'
Mono path[1] = 'C:/Program Files/Unity/Hub/Editor/2020.3.11f1/Editor/Data/MonoBleedingEdge/lib/mono/unityjit'
Mono config path = 'C:/Program Files/Unity/Hub/Editor/2020.3.11f1/Editor/Data/MonoBleedingEdge/etc'
Using monoOptions --debugger-agent=transport=dt_socket,embedding=1,server=y,suspend=n,address=127.0.0.1:56212
Begin MonoManager ReloadAssembly
Registering precompiled unity dll's ...
Register platform support module: C:/Program Files/Unity/Hub/Editor/2020.3.11f1/Editor/Data/PlaybackEngines/WindowsStandaloneSupport/UnityEditor.WindowsStandalone.Extensions.dll
Registered in 0.003780 seconds.
Native extension for WindowsStandalone target not found
Refreshing native plugins compatible for Editor in 55.45 ms, found 3 plugins.
Preloading 0 native plugins for Editor in 0.00 ms.
Mono: successfully reloaded assembly
- Completed reload, in  3.005 seconds
Platform modules already initialized, skipping
Registering precompiled user dll's ...
Registered in 0.005866 seconds.
Begin MonoManager ReloadAssembly
Native extension for WindowsStandalone target not found
Refreshing native plugins compatible for Editor in 59.06 ms, found 3 plugins.
Preloading 0 native plugins for Editor in 0.00 ms.
Mono: successfully reloaded assembly
- Completed reload, in  1.769 seconds
Platform modules already initialized, skipping
========================================================================
Worker process is ready to serve import requests
Launched and connected shader compiler UnityShaderCompiler.exe after 0.07 seconds
Refreshing native plugins compatible for Editor in 0.85 ms, found 3 plugins.
Preloading 0 native plugins for Editor in 0.00 ms.
Unloading 2142 Unused Serialized files (Serialized files now loaded: 0)
System memory in use before: 96.3 MB.
System memory in use after: 96.2 MB.

Unloading 33 unused Assets to reduce memory usage. Loaded Objects now: 2576.
Total: 4.576300 ms (FindLiveObjects: 0.393300 ms CreateObjectMapping: 0.199500 ms MarkObjects: 3.738900 ms  DeleteObjects: 0.242400 ms)

========================================================================
Received Import Request.
  path: Assets/GoldPicker.cs
  artifactKey: Guid(6f3af3c87849f3048ad728ed1b0bc805) Importer(815301076,1909f56bfc062723c751e8b465ee728b)
Start importing Assets/GoldPicker.cs using Guid(6f3af3c87849f3048ad728ed1b0bc805) Importer(815301076,1909f56bfc062723c751e8b465ee728b)  -> (artifact id: '9de47a515fe9de280018638b684b40ba') in 0.093883 seconds
  Import took 0.136112 seconds .

========================================================================
Received Prepare
Registering precompiled user dll's ...
Registered in 0.013293 seconds.
Begin MonoManager ReloadAssembly
Native extension for WindowsStandalone target not found
Refreshing native plugins compatible for Editor in 0.60 ms, found 3 plugins.
Preloading 0 native plugins for Editor in 0.00 ms.
Mono: successfully reloaded assembly
- Completed reload, in  2.438 seconds
Platform modules already initialized, skipping
Refreshing native plugins compatible for Editor in 0.95 ms, found 3 plugins.
Preloading 0 native plugins for Editor in 0.00 ms.
Unloading 2124 Unused Serialized files (Serialized files now loaded: 0)
System memory in use before: 95.0 MB.
System memory in use after: 95.0 MB.

Unloading 21 unused Assets to reduce memory usage. Loaded Objects now: 2580.
Total: 4.482100 ms (FindLiveObjects: 0.467100 ms CreateObjectMapping: 0.496400 ms MarkObjects: 3.271400 ms  DeleteObjects: 0.243900 ms)

========================================================================
Received Import Request.
  Time since last request: 775.105459 seconds.
  path: Assets/GoldPicker.cs
  artifactKey: Guid(6f3af3c87849f3048ad728ed1b0bc805) Importer(815301076,1909f56bfc062723c751e8b465ee728b)
Start importing Assets/GoldPicker.cs using Guid(6f3af3c87849f3048ad728ed1b0bc805) Importer(815301076,1909f56bfc062723c751e8b465ee728b)  -> (artifact id: '6ebdd934eb517de2a6595d38c4d348e0') in 0.007523 seconds
  Import took 0.012947 seconds .

========================================================================
Received Import Request.
  Time since last request: 0.036935 seconds.
  path: Assets/GoldPicker.cs
  artifactKey: Guid(6f3af3c87849f3048ad728ed1b0bc805) Importer(815301076,1909f56bfc062723c751e8b465ee728b)
Start importing Assets/GoldPicker.cs using Guid(6f3af3c87849f3048ad728ed1b0bc805) Importer(815301076,1909f56bfc062723c751e8b465ee728b)  -> (artifact id: '6ebdd934eb517de2a6595d38c4d348e0') in 0.002748 seconds
  Import took 0.009604 seconds .

========================================================================
Received Prepare
Registering precompiled user dll's ...
Registered in 0.006051 seconds.
Begin MonoManager ReloadAssembly
Native extension for WindowsStandalone target not found
Refreshing native plugins compatible for Editor in 0.54 ms, found 3 plugins.
Preloading 0 native plugins for Editor in 0.00 ms.
Mono: successfully reloaded assembly
- Completed reload, in  1.603 seconds
Platform modules already initialized, skipping
Refreshing native plugins compatible for Editor in 0.56 ms, found 3 plugins.
Preloading 0 native plugins for Editor in 0.00 ms.
Unloading 2124 Unused Serialized files (Serialized files now loaded: 0)
System memory in use before: 95.0 MB.
System memory in use after: 95.0 MB.

Unloading 21 unused Assets to reduce memory usage. Loaded Objects now: 2584.
Total: 3.549700 ms (FindLiveObjects: 0.301900 ms CreateObjectMapping: 0.101300 ms MarkObjects: 2.978100 ms  DeleteObjects: 0.167100 ms)

========================================================================
Received Prepare
Registering precompiled user dll's ...
Registered in 0.007517 seconds.
Begin MonoManager ReloadAssembly
Native extension for WindowsStandalone target not found
Refreshing native plugins compatible for Editor in 0.64 ms, found 3 plugins.
Preloading 0 native plugins for Editor in 0.00 ms.
Mono: successfully reloaded assembly
- Completed reload, in  2.560 seconds
Platform modules already initialized, skipping
Refreshing native plugins compatible for Editor in 0.86 ms, found 3 plugins.
Preloading 0 native plugins for Editor in 0.00 ms.
Unloading 2124 Unused Serialized files (Serialized files now loaded: 0)
System memory in use before: 95.1 MB.
System memory in use after: 95.0 MB.

Unloading 21 unused Assets to reduce memory usage. Loaded Objects now: 2588.
Total: 4.326200 ms (FindLiveObjects: 0.360500 ms CreateObjectMapping: 0.187500 ms MarkObjects: 3.639100 ms  DeleteObjects: 0.137700 ms)

========================================================================
Received Import Request.
  Time since last request: 1802.706683 seconds.
  path: Assets/GoldPicker.cs
  artifactKey: Guid(6f3af3c87849f3048ad728ed1b0bc805) Importer(815301076,1909f56bfc062723c751e8b465ee728b)
Start importing Assets/GoldPicker.cs using Guid(6f3af3c87849f3048ad728ed1b0bc805) Importer(815301076,1909f56bfc062723c751e8b465ee728b)  -> (artifact id: '3ba934b774127f8e89329ed1dc5ad846') in 0.006683 seconds
  Import took 0.016769 seconds .

========================================================================
Received Import Request.
  Time since last request: 0.033404 seconds.
  path: Assets/GoldPicker.cs
  artifactKey: Guid(6f3af3c87849f3048ad728ed1b0bc805) Importer(815301076,1909f56bfc062723c751e8b465ee728b)
Start importing Assets/GoldPicker.cs using Guid(6f3af3c87849f3048ad728ed1b0bc805) Importer(815301076,1909f56bfc062723c751e8b465ee728b)  -> (artifact id: '3ba934b774127f8e89329ed1dc5ad846') in 0.004087 seconds
  Import took 0.012063 seconds .

========================================================================
Received Import Request.
  Time since last request: 1.698186 seconds.
  path: Assets/Pout.cs
  artifactKey: Guid(371d9afeecb907e48b0556b3a0119db3) Importer(815301076,1909f56bfc062723c751e8b465ee728b)
Start importing Assets/Pout.cs using Guid(371d9afeecb907e48b0556b3a0119db3) Importer(815301076,1909f56bfc062723c751e8b465ee728b)  -> (artifact id: '46de8ae8e2c241bb0339dc184b6ab0e3') in 0.001966 seconds
  Import took 0.007487 seconds .

========================================================================
Received Import Request.
  Time since last request: 0.000913 seconds.
  path: Assets/Pout.cs
  artifactKey: Guid(371d9afeecb907e48b0556b3a0119db3) Importer(815301076,1909f56bfc062723c751e8b465ee728b)
Start importing Assets/Pout.cs using Guid(371d9afeecb907e48b0556b3a0119db3) Importer(815301076,1909f56bfc062723c751e8b465ee728b)  -> (artifact id: '46de8ae8e2c241bb0339dc184b6ab0e3') in 0.003042 seconds
  Import took 0.009657 seconds .

========================================================================
Received Prepare
Registering precompiled user dll's ...
Registered in 0.007796 seconds.
Begin MonoManager ReloadAssembly
Native extension for WindowsStandalone target not found
Refreshing native plugins compatible for Editor in 0.65 ms, found 3 plugins.
Preloading 0 native plugins for Editor in 0.00 ms.
Mono: successfully reloaded assembly
- Completed reload, in  1.540 seconds
Platform modules already initialized, skipping
Refreshing native plugins compatible for Editor in 0.60 ms, found 3 plugins.
Preloading 0 native plugins for Editor in 0.00 ms.
Unloading 2124 Unused Serialized files (Serialized files now loaded: 0)
System memory in use before: 95.1 MB.
System memory in use after: 95.1 MB.

Unloading 21 unused Assets to reduce memory usage. Loaded Objects now: 2592.
Total: 3.240400 ms (FindLiveObjects: 0.249500 ms CreateObjectMapping: 0.098500 ms MarkObjects: 2.738100 ms  DeleteObjects: 0.153200 ms)

========================================================================
Received Import Request.
  Time since last request: 120.304983 seconds.
  path: Assets/GoldPicker.cs
  artifactKey: Guid(6f3af3c87849f3048ad728ed1b0bc805) Importer(815301076,1909f56bfc062723c751e8b465ee728b)
Start importing Assets/GoldPicker.cs using Guid(6f3af3c87849f3048ad728ed1b0bc805) Importer(815301076,1909f56bfc062723c751e8b465ee728b)  -> (artifact id: 'e12241ec9e43572e69df2e31cc6747ef') in 0.005588 seconds
  Import took 0.029585 seconds .

========================================================================
Received Prepare
Registering precompiled user dll's ...
Registered in 0.007637 seconds.
Begin MonoManager ReloadAssembly
Native extension for WindowsStandalone target not found
Refreshing native plugins compatible for Editor in 0.67 ms, found 3 plugins.
Preloading 0 native plugins for Editor in 0.00 ms.
Mono: successfully reloaded assembly
- Completed reload, in  1.480 seconds
Platform modules already initialized, skipping
Refreshing native plugins compatible for Editor in 0.59 ms, found 3 plugins.
Preloading 0 native plugins for Editor in 0.00 ms.
Unloading 2124 Unused Serialized files (Serialized files now loaded: 0)
System memory in use before: 95.1 MB.
System memory in use after: 95.1 MB.

Unloading 21 unused Assets to reduce memory usage. Loaded Objects now: 2596.
Total: 2.878500 ms (FindLiveObjects: 0.280500 ms CreateObjectMapping: 0.123900 ms MarkObjects: 2.292900 ms  DeleteObjects: 0.179800 ms)

========================================================================
Received Import Request.
  Time since last request: 934.076592 seconds.
  path: Assets/Images/oil.png
  artifactKey: Guid(222b176ae7c618a49a85109331adcb5e) Importer(815301076,1909f56bfc062723c751e8b465ee728b)
Start importing Assets/Images/oil.png using Guid(222b176ae7c618a49a85109331adcb5e) Importer(815301076,1909f56bfc062723c751e8b465ee728b)  -> (artifact id: 'e17372c05699714f14e234f93bc6085a') in 0.194689 seconds
  Import took 0.206217 seconds .

AssetImportWorkerClient::OnTransportError - code=2 error=End of file
